Job: acopf_run
Executing: ACOPF_pinn_baseline.py
Node: gpu0002
GPU Allocated: 0
Running on CPU Profile. Thread threshold established at 12 loops.
Problem Geometry Linked -> Matrix Samples: 10000

Beginning execution of parallelized training matrix loops...
Epoch    0 | Val Loss: 129.3219 | Val Cost: 1687.11 | Val Max P-Miss: 0.7193 | Max Q-Miss: 0.5445 | Val Max Gen Viol: 0.0000 | Val Max Thermal: 0.0000 [*SAVED BEST*]
Epoch   10 | Val Loss: 32.3484 | Val Cost: 1094.05 | Val Max P-Miss: 0.3453 | Max Q-Miss: 0.1905 | Val Max Gen Viol: 0.0000 | Val Max Thermal: 0.0000 [*SAVED BEST*]
Epoch   20 | Val Loss: 30.8193 | Val Cost: 1123.33 | Val Max P-Miss: 0.2837 | Max Q-Miss: 0.1422 | Val Max Gen Viol: 0.0000 | Val Max Thermal: 0.0000 [*SAVED BEST*]
Epoch   30 | Val Loss: 26.1747 | Val Cost: 1125.78 | Val Max P-Miss: 0.2488 | Max Q-Miss: 0.1549 | Val Max Gen Viol: 0.0000 | Val Max Thermal: 0.0000 [*SAVED BEST*]
Epoch   40 | Val Loss: 25.3136 | Val Cost: 1221.39 | Val Max P-Miss: 0.2122 | Max Q-Miss: 0.1853 | Val Max Gen Viol: 0.0000 | Val Max Thermal: 0.0000 [*SAVED BEST*]
Epoch   50 | Val Loss: 31.6979 | Val Cost: 1232.80 | Val Max P-Miss: 0.2480 | Max Q-Miss: 0.1800 | Val Max Gen Viol: 0.0000 | Val Max Thermal: 0.0000
Epoch   60 | Val Loss: 25.1799 | Val Cost: 1293.60 | Val Max P-Miss: 0.2431 | Max Q-Miss: 0.1322 | Val Max Gen Viol: 0.0000 | Val Max Thermal: 0.0000 [*SAVED BEST*]
Epoch   70 | Val Loss: 26.0515 | Val Cost: 1228.86 | Val Max P-Miss: 0.2613 | Max Q-Miss: 0.1052 | Val Max Gen Viol: 0.0000 | Val Max Thermal: 0.0000
Epoch   80 | Val Loss: 23.7479 | Val Cost: 1317.51 | Val Max P-Miss: 0.2358 | Max Q-Miss: 0.0817 | Val Max Gen Viol: 0.0000 | Val Max Thermal: 0.0000 [*SAVED BEST*]
Epoch   90 | Val Loss: 23.3616 | Val Cost: 1376.61 | Val Max P-Miss: 0.2317 | Max Q-Miss: 0.0800 | Val Max Gen Viol: 0.0000 | Val Max Thermal: 0.0000 [*SAVED BEST*]
Epoch  100 | Val Loss: 22.5168 | Val Cost: 1401.83 | Val Max P-Miss: 0.2188 | Max Q-Miss: 0.0563 | Val Max Gen Viol: 0.0000 | Val Max Thermal: 0.0000 [*SAVED BEST*]
Epoch  110 | Val Loss: 22.3314 | Val Cost: 1418.29 | Val Max P-Miss: 0.2150 | Max Q-Miss: 0.0574 | Val Max Gen Viol: 0.0000 | Val Max Thermal: 0.0000 [*SAVED BEST*]
Epoch  120 | Val Loss: 22.0303 | Val Cost: 1430.40 | Val Max P-Miss: 0.2071 | Max Q-Miss: 0.0584 | Val Max Gen Viol: 0.0000 | Val Max Thermal: 0.0000 [*SAVED BEST*]
Epoch  130 | Val Loss: 22.0117 | Val Cost: 1440.73 | Val Max P-Miss: 0.2050 | Max Q-Miss: 0.0601 | Val Max Gen Viol: 0.0000 | Val Max Thermal: 0.0000 [*SAVED BEST*]
Epoch  140 | Val Loss: 21.4485 | Val Cost: 1447.49 | Val Max P-Miss: 0.1891 | Max Q-Miss: 0.0561 | Val Max Gen Viol: 0.0000 | Val Max Thermal: 0.0000 [*SAVED BEST*]
Epoch  150 | Val Loss: 21.6374 | Val Cost: 1451.73 | Val Max P-Miss: 0.1819 | Max Q-Miss: 0.0649 | Val Max Gen Viol: 0.0000 | Val Max Thermal: 0.0000
Epoch  160 | Val Loss: 21.6537 | Val Cost: 1451.37 | Val Max P-Miss: 0.1931 | Max Q-Miss: 0.0616 | Val Max Gen Viol: 0.0000 | Val Max Thermal: 0.0000
Epoch  170 | Val Loss: 27.4700 | Val Cost: 1387.96 | Val Max P-Miss: 0.2029 | Max Q-Miss: 0.2251 | Val Max Gen Viol: 0.0000 | Val Max Thermal: 0.0000
Epoch  180 | Val Loss: 28.6087 | Val Cost: 1305.13 | Val Max P-Miss: 0.3167 | Max Q-Miss: 0.1713 | Val Max Gen Viol: 0.0000 | Val Max Thermal: 0.0000
Epoch  190 | Val Loss: 23.2781 | Val Cost: 1363.19 | Val Max P-Miss: 0.1859 | Max Q-Miss: 0.1563 | Val Max Gen Viol: 0.0000 | Val Max Thermal: 0.0000
Epoch  200 | Val Loss: 21.1294 | Val Cost: 1453.26 | Val Max P-Miss: 0.1694 | Max Q-Miss: 0.1040 | Val Max Gen Viol: 0.0000 | Val Max Thermal: 0.0000 [*SAVED BEST*]
Epoch  210 | Val Loss: 21.6929 | Val Cost: 1482.24 | Val Max P-Miss: 0.1635 | Max Q-Miss: 0.1161 | Val Max Gen Viol: 0.0000 | Val Max Thermal: 0.0000
Epoch  220 | Val Loss: 22.5515 | Val Cost: 1430.79 | Val Max P-Miss: 0.2434 | Max Q-Miss: 0.0846 | Val Max Gen Viol: 0.0000 | Val Max Thermal: 0.0000
Epoch  230 | Val Loss: 22.0954 | Val Cost: 1434.09 | Val Max P-Miss: 0.1559 | Max Q-Miss: 0.1051 | Val Max Gen Viol: 0.0000 | Val Max Thermal: 0.0000
Epoch  240 | Val Loss: 25.0353 | Val Cost: 1418.34 | Val Max P-Miss: 0.2207 | Max Q-Miss: 0.0744 | Val Max Gen Viol: 0.0000 | Val Max Thermal: 0.0000
Epoch  250 | Val Loss: 23.1018 | Val Cost: 1461.27 | Val Max P-Miss: 0.2714 | Max Q-Miss: 0.0847 | Val Max Gen Viol: 0.0000 | Val Max Thermal: 0.0000
Epoch  260 | Val Loss: 20.7587 | Val Cost: 1485.96 | Val Max P-Miss: 0.1492 | Max Q-Miss: 0.0746 | Val Max Gen Viol: 0.0000 | Val Max Thermal: 0.0000 [*SAVED BEST*]
Epoch  270 | Val Loss: 20.3676 | Val Cost: 1454.27 | Val Max P-Miss: 0.1563 | Max Q-Miss: 0.0586 | Val Max Gen Viol: 0.0000 | Val Max Thermal: 0.0000 [*SAVED BEST*]
Epoch  280 | Val Loss: 20.1405 | Val Cost: 1485.22 | Val Max P-Miss: 0.1614 | Max Q-Miss: 0.0557 | Val Max Gen Viol: 0.0000 | Val Max Thermal: 0.0000 [*SAVED BEST*]
Epoch  290 | Val Loss: 20.4789 | Val Cost: 1500.09 | Val Max P-Miss: 0.1717 | Max Q-Miss: 0.0734 | Val Max Gen Viol: 0.0000 | Val Max Thermal: 0.0000
Epoch  300 | Val Loss: 20.1009 | Val Cost: 1497.96 | Val Max P-Miss: 0.1573 | Max Q-Miss: 0.0639 | Val Max Gen Viol: 0.0000 | Val Max Thermal: 0.0000 [*SAVED BEST*]
Epoch  310 | Val Loss: 20.2296 | Val Cost: 1503.50 | Val Max P-Miss: 0.1593 | Max Q-Miss: 0.0687 | Val Max Gen Viol: 0.0000 | Val Max Thermal: 0.0000
Epoch  320 | Val Loss: 20.1998 | Val Cost: 1502.68 | Val Max P-Miss: 0.1622 | Max Q-Miss: 0.0636 | Val Max Gen Viol: 0.0000 | Val Max Thermal: 0.0000
Epoch  330 | Val Loss: 20.0633 | Val Cost: 1505.14 | Val Max P-Miss: 0.1740 | Max Q-Miss: 0.0424 | Val Max Gen Viol: 0.0000 | Val Max Thermal: 0.0000 [*SAVED BEST*]
Epoch  340 | Val Loss: 20.1766 | Val Cost: 1506.64 | Val Max P-Miss: 0.1777 | Max Q-Miss: 0.0465 | Val Max Gen Viol: 0.0000 | Val Max Thermal: 0.0000
Epoch  350 | Val Loss: 20.2717 | Val Cost: 1507.14 | Val Max P-Miss: 0.1793 | Max Q-Miss: 0.0473 | Val Max Gen Viol: 0.0000 | Val Max Thermal: 0.0000
Epoch  360 | Val Loss: 22.3696 | Val Cost: 1383.46 | Val Max P-Miss: 0.1855 | Max Q-Miss: 0.1096 | Val Max Gen Viol: 0.0000 | Val Max Thermal: 0.0000
Epoch  370 | Val Loss: 20.7816 | Val Cost: 1495.46 | Val Max P-Miss: 0.1674 | Max Q-Miss: 0.0853 | Val Max Gen Viol: 0.0000 | Val Max Thermal: 0.0000
Epoch  380 | Val Loss: 20.3249 | Val Cost: 1526.03 | Val Max P-Miss: 0.1486 | Max Q-Miss: 0.0762 | Val Max Gen Viol: 0.0000 | Val Max Thermal: 0.0000
Epoch  390 | Val Loss: 20.8786 | Val Cost: 1379.53 | Val Max P-Miss: 0.1737 | Max Q-Miss: 0.0453 | Val Max Gen Viol: 0.0000 | Val Max Thermal: 0.0000
Epoch  400 | Val Loss: 19.7996 | Val Cost: 1505.76 | Val Max P-Miss: 0.1487 | Max Q-Miss: 0.0453 | Val Max Gen Viol: 0.0000 | Val Max Thermal: 0.0000 [*SAVED BEST*]
Epoch  410 | Val Loss: 20.1472 | Val Cost: 1509.24 | Val Max P-Miss: 0.1614 | Max Q-Miss: 0.0558 | Val Max Gen Viol: 0.0000 | Val Max Thermal: 0.0000
Epoch  420 | Val Loss: 20.1416 | Val Cost: 1494.51 | Val Max P-Miss: 0.1509 | Max Q-Miss: 0.0703 | Val Max Gen Viol: 0.0000 | Val Max Thermal: 0.0000
Epoch  430 | Val Loss: 19.9153 | Val Cost: 1498.61 | Val Max P-Miss: 0.1537 | Max Q-Miss: 0.0552 | Val Max Gen Viol: 0.0000 | Val Max Thermal: 0.0000
Epoch  440 | Val Loss: 21.1084 | Val Cost: 1449.58 | Val Max P-Miss: 0.1757 | Max Q-Miss: 0.0722 | Val Max Gen Viol: 0.0000 | Val Max Thermal: 0.0000
Epoch  450 | Val Loss: 20.2222 | Val Cost: 1484.88 | Val Max P-Miss: 0.1491 | Max Q-Miss: 0.0611 | Val Max Gen Viol: 0.0000 | Val Max Thermal: 0.0000
Epoch  460 | Val Loss: 19.8549 | Val Cost: 1509.45 | Val Max P-Miss: 0.1413 | Max Q-Miss: 0.0488 | Val Max Gen Viol: 0.0000 | Val Max Thermal: 0.0000
Epoch  470 | Val Loss: 19.7351 | Val Cost: 1512.67 | Val Max P-Miss: 0.1341 | Max Q-Miss: 0.0472 | Val Max Gen Viol: 0.0000 | Val Max Thermal: 0.0000 [*SAVED BEST*]
Epoch  480 | Val Loss: 19.9150 | Val Cost: 1511.93 | Val Max P-Miss: 0.1364 | Max Q-Miss: 0.0562 | Val Max Gen Viol: 0.0000 | Val Max Thermal: 0.0000
Epoch  490 | Val Loss: 19.8968 | Val Cost: 1512.05 | Val Max P-Miss: 0.1401 | Max Q-Miss: 0.0508 | Val Max Gen Viol: 0.0000 | Val Max Thermal: 0.0000
Epoch  500 | Val Loss: 19.9315 | Val Cost: 1511.41 | Val Max P-Miss: 0.1468 | Max Q-Miss: 0.0474 | Val Max Gen Viol: 0.0000 | Val Max Thermal: 0.0000
Epoch  510 | Val Loss: 19.9003 | Val Cost: 1510.84 | Val Max P-Miss: 0.1457 | Max Q-Miss: 0.0430 | Val Max Gen Viol: 0.0000 | Val Max Thermal: 0.0000
Epoch  520 | Val Loss: 19.8100 | Val Cost: 1509.63 | Val Max P-Miss: 0.1415 | Max Q-Miss: 0.0410 | Val Max Gen Viol: 0.0000 | Val Max Thermal: 0.0000
Epoch  530 | Val Loss: 19.7426 | Val Cost: 1507.24 | Val Max P-Miss: 0.1379 | Max Q-Miss: 0.0384 | Val Max Gen Viol: 0.0000 | Val Max Thermal: 0.0000
Epoch  540 | Val Loss: 19.7029 | Val Cost: 1505.12 | Val Max P-Miss: 0.1356 | Max Q-Miss: 0.0386 | Val Max Gen Viol: 0.0000 | Val Max Thermal: 0.0000 [*SAVED BEST*]
Epoch  550 | Val Loss: 19.6423 | Val Cost: 1503.90 | Val Max P-Miss: 0.1333 | Max Q-Miss: 0.0384 | Val Max Gen Viol: 0.0000 | Val Max Thermal: 0.0000 [*SAVED BEST*]
Epoch  560 | Val Loss: 20.7278 | Val Cost: 1431.20 | Val Max P-Miss: 0.1329 | Max Q-Miss: 0.0785 | Val Max Gen Viol: 0.0000 | Val Max Thermal: 0.0000
Epoch  570 | Val Loss: 20.4277 | Val Cost: 1426.69 | Val Max P-Miss: 0.1335 | Max Q-Miss: 0.0620 | Val Max Gen Viol: 0.0000 | Val Max Thermal: 0.0000
Epoch  580 | Val Loss: 20.8058 | Val Cost: 1462.94 | Val Max P-Miss: 0.1691 | Max Q-Miss: 0.0814 | Val Max Gen Viol: 0.0000 | Val Max Thermal: 0.0000
Epoch  590 | Val Loss: 20.0522 | Val Cost: 1494.69 | Val Max P-Miss: 0.1466 | Max Q-Miss: 0.0632 | Val Max Gen Viol: 0.0000 | Val Max Thermal: 0.0000
Epoch  600 | Val Loss: 19.7609 | Val Cost: 1503.83 | Val Max P-Miss: 0.1487 | Max Q-Miss: 0.0542 | Val Max Gen Viol: 0.0000 | Val Max Thermal: 0.0000
Epoch  610 | Val Loss: 19.7749 | Val Cost: 1503.32 | Val Max P-Miss: 0.1483 | Max Q-Miss: 0.0548 | Val Max Gen Viol: 0.0000 | Val Max Thermal: 0.0000
Epoch  620 | Val Loss: 19.9104 | Val Cost: 1495.17 | Val Max P-Miss: 0.1475 | Max Q-Miss: 0.0587 | Val Max Gen Viol: 0.0000 | Val Max Thermal: 0.0000
Epoch  630 | Val Loss: 20.1614 | Val Cost: 1475.65 | Val Max P-Miss: 0.1405 | Max Q-Miss: 0.0710 | Val Max Gen Viol: 0.0000 | Val Max Thermal: 0.0000
Epoch  640 | Val Loss: 20.0247 | Val Cost: 1474.79 | Val Max P-Miss: 0.1456 | Max Q-Miss: 0.0633 | Val Max Gen Viol: 0.0000 | Val Max Thermal: 0.0000
Epoch  650 | Val Loss: 19.8695 | Val Cost: 1487.76 | Val Max P-Miss: 0.1442 | Max Q-Miss: 0.0579 | Val Max Gen Viol: 0.0000 | Val Max Thermal: 0.0000
Epoch  660 | Val Loss: 19.9610 | Val Cost: 1489.69 | Val Max P-Miss: 0.1483 | Max Q-Miss: 0.0495 | Val Max Gen Viol: 0.0000 | Val Max Thermal: 0.0000
Epoch  670 | Val Loss: 20.6745 | Val Cost: 1487.21 | Val Max P-Miss: 0.1498 | Max Q-Miss: 0.0930 | Val Max Gen Viol: 0.0000 | Val Max Thermal: 0.0000
Epoch  680 | Val Loss: 21.0489 | Val Cost: 1492.82 | Val Max P-Miss: 0.1408 | Max Q-Miss: 0.0904 | Val Max Gen Viol: 0.0000 | Val Max Thermal: 0.0000
Epoch  690 | Val Loss: 20.2410 | Val Cost: 1482.55 | Val Max P-Miss: 0.1514 | Max Q-Miss: 0.0543 | Val Max Gen Viol: 0.0000 | Val Max Thermal: 0.0000
Epoch  700 | Val Loss: 19.4526 | Val Cost: 1498.24 | Val Max P-Miss: 0.1376 | Max Q-Miss: 0.0577 | Val Max Gen Viol: 0.0000 | Val Max Thermal: 0.0000 [*SAVED BEST*]
Epoch  710 | Val Loss: 19.3925 | Val Cost: 1476.34 | Val Max P-Miss: 0.1217 | Max Q-Miss: 0.0517 | Val Max Gen Viol: 0.0000 | Val Max Thermal: 0.0000 [*SAVED BEST*]
Epoch  720 | Val Loss: 19.2975 | Val Cost: 1494.47 | Val Max P-Miss: 0.1309 | Max Q-Miss: 0.0383 | Val Max Gen Viol: 0.0000 | Val Max Thermal: 0.0000 [*SAVED BEST*]
Epoch  730 | Val Loss: 19.5776 | Val Cost: 1499.79 | Val Max P-Miss: 0.1446 | Max Q-Miss: 0.0481 | Val Max Gen Viol: 0.0000 | Val Max Thermal: 0.0000
Epoch  740 | Val Loss: 19.2658 | Val Cost: 1498.87 | Val Max P-Miss: 0.1283 | Max Q-Miss: 0.0390 | Val Max Gen Viol: 0.0000 | Val Max Thermal: 0.0000 [*SAVED BEST*]
Epoch  750 | Val Loss: 19.3263 | Val Cost: 1500.33 | Val Max P-Miss: 0.1356 | Max Q-Miss: 0.0450 | Val Max Gen Viol: 0.0000 | Val Max Thermal: 0.0000
Epoch  760 | Val Loss: 19.0981 | Val Cost: 1502.99 | Val Max P-Miss: 0.1255 | Max Q-Miss: 0.0330 | Val Max Gen Viol: 0.0000 | Val Max Thermal: 0.0000 [*SAVED BEST*]
Epoch  770 | Val Loss: 19.3754 | Val Cost: 1499.01 | Val Max P-Miss: 0.1413 | Max Q-Miss: 0.0493 | Val Max Gen Viol: 0.0000 | Val Max Thermal: 0.0000
Epoch  780 | Val Loss: 19.2792 | Val Cost: 1498.25 | Val Max P-Miss: 0.1299 | Max Q-Miss: 0.0522 | Val Max Gen Viol: 0.0000 | Val Max Thermal: 0.0000
Epoch  790 | Val Loss: 19.0514 | Val Cost: 1500.60 | Val Max P-Miss: 0.1197 | Max Q-Miss: 0.0368 | Val Max Gen Viol: 0.0000 | Val Max Thermal: 0.0000 [*SAVED BEST*]
Epoch  800 | Val Loss: 19.3035 | Val Cost: 1495.39 | Val Max P-Miss: 0.1399 | Max Q-Miss: 0.0359 | Val Max Gen Viol: 0.0000 | Val Max Thermal: 0.0000
Epoch  810 | Val Loss: 19.3276 | Val Cost: 1494.14 | Val Max P-Miss: 0.1467 | Max Q-Miss: 0.0311 | Val Max Gen Viol: 0.0000 | Val Max Thermal: 0.0000
Epoch  820 | Val Loss: 19.4258 | Val Cost: 1495.36 | Val Max P-Miss: 0.1555 | Max Q-Miss: 0.0297 | Val Max Gen Viol: 0.0000 | Val Max Thermal: 0.0000
Epoch  830 | Val Loss: 20.2285 | Val Cost: 1507.44 | Val Max P-Miss: 0.1382 | Max Q-Miss: 0.0797 | Val Max Gen Viol: 0.0000 | Val Max Thermal: 0.0000
Epoch  840 | Val Loss: 19.4914 | Val Cost: 1416.65 | Val Max P-Miss: 0.1288 | Max Q-Miss: 0.0464 | Val Max Gen Viol: 0.0000 | Val Max Thermal: 0.0000
Epoch  850 | Val Loss: 19.3704 | Val Cost: 1494.15 | Val Max P-Miss: 0.1203 | Max Q-Miss: 0.0472 | Val Max Gen Viol: 0.0000 | Val Max Thermal: 0.0000
Epoch  860 | Val Loss: 19.7505 | Val Cost: 1497.38 | Val Max P-Miss: 0.1339 | Max Q-Miss: 0.0577 | Val Max Gen Viol: 0.0000 | Val Max Thermal: 0.0000
Epoch  870 | Val Loss: 19.4804 | Val Cost: 1489.42 | Val Max P-Miss: 0.1232 | Max Q-Miss: 0.0507 | Val Max Gen Viol: 0.0000 | Val Max Thermal: 0.0000
Epoch  880 | Val Loss: 19.2853 | Val Cost: 1491.14 | Val Max P-Miss: 0.1147 | Max Q-Miss: 0.0442 | Val Max Gen Viol: 0.0000 | Val Max Thermal: 0.0000
Epoch  890 | Val Loss: 19.6208 | Val Cost: 1488.72 | Val Max P-Miss: 0.1279 | Max Q-Miss: 0.0541 | Val Max Gen Viol: 0.0000 | Val Max Thermal: 0.0000
Epoch  900 | Val Loss: 19.3271 | Val Cost: 1485.90 | Val Max P-Miss: 0.1169 | Max Q-Miss: 0.0469 | Val Max Gen Viol: 0.0000 | Val Max Thermal: 0.0000
Epoch  910 | Val Loss: 19.3552 | Val Cost: 1489.48 | Val Max P-Miss: 0.1192 | Max Q-Miss: 0.0467 | Val Max Gen Viol: 0.0000 | Val Max Thermal: 0.0000
Epoch  920 | Val Loss: 19.5098 | Val Cost: 1485.62 | Val Max P-Miss: 0.1217 | Max Q-Miss: 0.0528 | Val Max Gen Viol: 0.0000 | Val Max Thermal: 0.0000
Epoch  930 | Val Loss: 19.3917 | Val Cost: 1484.52 | Val Max P-Miss: 0.1189 | Max Q-Miss: 0.0494 | Val Max Gen Viol: 0.0000 | Val Max Thermal: 0.0000
Epoch  940 | Val Loss: 19.2437 | Val Cost: 1484.21 | Val Max P-Miss: 0.1224 | Max Q-Miss: 0.0366 | Val Max Gen Viol: 0.0000 | Val Max Thermal: 0.0000
Epoch  950 | Val Loss: 19.2348 | Val Cost: 1486.35 | Val Max P-Miss: 0.1292 | Max Q-Miss: 0.0278 | Val Max Gen Viol: 0.0000 | Val Max Thermal: 0.0000
Epoch  960 | Val Loss: 19.3047 | Val Cost: 1484.15 | Val Max P-Miss: 0.1349 | Max Q-Miss: 0.0412 | Val Max Gen Viol: 0.0000 | Val Max Thermal: 0.0000
Epoch  970 | Val Loss: 20.0346 | Val Cost: 1448.52 | Val Max P-Miss: 0.1342 | Max Q-Miss: 0.0702 | Val Max Gen Viol: 0.0000 | Val Max Thermal: 0.0000
Epoch  980 | Val Loss: 19.4578 | Val Cost: 1479.29 | Val Max P-Miss: 0.1372 | Max Q-Miss: 0.0360 | Val Max Gen Viol: 0.0000 | Val Max Thermal: 0.0000
Epoch  990 | Val Loss: 19.3568 | Val Cost: 1426.92 | Val Max P-Miss: 0.1414 | Max Q-Miss: 0.0370 | Val Max Gen Viol: 0.0000 | Val Max Thermal: 0.0000
Epoch 1000 | Val Loss: 18.9065 | Val Cost: 1500.85 | Val Max P-Miss: 0.1204 | Max Q-Miss: 0.0344 | Val Max Gen Viol: 0.0000 | Val Max Thermal: 0.0000 [*SAVED BEST*]
Epoch 1010 | Val Loss: 19.0464 | Val Cost: 1497.81 | Val Max P-Miss: 0.1303 | Max Q-Miss: 0.0354 | Val Max Gen Viol: 0.0000 | Val Max Thermal: 0.0000
Epoch 1020 | Val Loss: 18.8534 | Val Cost: 1496.02 | Val Max P-Miss: 0.1196 | Max Q-Miss: 0.0316 | Val Max Gen Viol: 0.0000 | Val Max Thermal: 0.0000 [*SAVED BEST*]
Epoch 1030 | Val Loss: 18.9505 | Val Cost: 1490.52 | Val Max P-Miss: 0.1241 | Max Q-Miss: 0.0328 | Val Max Gen Viol: 0.0000 | Val Max Thermal: 0.0000
Epoch 1040 | Val Loss: 18.9857 | Val Cost: 1488.10 | Val Max P-Miss: 0.1241 | Max Q-Miss: 0.0340 | Val Max Gen Viol: 0.0000 | Val Max Thermal: 0.0000
